2024-10-01T21:09:30.986-05:00  INFO 241322 --- [OnVacunas] [restartedMain] c.o.OnVacunas.OnVacunasApplication       : Starting OnVacunasApplication using Java 17.0.12 with PID 241322 (/home/bazinga/Documentos/OncreditTRABAJO/PruebaTec-OnCredit-SistemaVacunas/OnVacunasBackend/target/classes started by bazinga in /home/bazinga/Documentos/OncreditTRABAJO/PruebaTec-OnCredit-SistemaVacunas/OnVacunasBackend)
2024-10-01T21:09:30.987-05:00  INFO 241322 --- [OnVacunas] [restartedMain] c.o.OnVacunas.OnVacunasApplication       : No active profile set, falling back to 1 default profile: "default"
2024-10-01T21:09:31.160-05:00  INFO 241322 --- [OnVacunas] [restartedMain] .s.d.r.c.RepositoryConfigurationDelegate : Multiple Spring Data modules found, entering strict repository configuration mode
2024-10-01T21:09:31.160-05:00  INFO 241322 --- [OnVacunas] [restartedMain] .s.d.r.c.RepositoryConfigurationDelegate : Bootstrapping Spring Data JDBC repositories in DEFAULT mode.
2024-10-01T21:09:31.164-05:00  INFO 241322 --- [OnVacunas] [restartedMain] .RepositoryConfigurationExtensionSupport : Spring Data JDBC - Could not safely identify store assignment for repository candidate interface com.oncredit.OnVacunas.domain.repositories.ChildRepository; If you want this repository to be a JDBC repository, consider annotating your entities with one of these annotations: org.springframework.data.relational.core.mapping.Table.
2024-10-01T21:09:31.165-05:00  INFO 241322 --- [OnVacunas] [restartedMain] .RepositoryConfigurationExtensionSupport : Spring Data JDBC - Could not safely identify store assignment for repository candidate interface com.oncredit.OnVacunas.domain.repositories.DepartmentRepository; If you want this repository to be a JDBC repository, consider annotating your entities with one of these annotations: org.springframework.data.relational.core.mapping.Table.
2024-10-01T21:09:31.167-05:00  INFO 241322 --- [OnVacunas] [restartedMain] .RepositoryConfigurationExtensionSupport : Spring Data JDBC - Could not safely identify store assignment for repository candidate interface com.oncredit.OnVacunas.domain.repositories.MunicipalityRepository; If you want this repository to be a JDBC repository, consider annotating your entities with one of these annotations: org.springframework.data.relational.core.mapping.Table.
2024-10-01T21:09:31.168-05:00  INFO 241322 --- [OnVacunas] [restartedMain] .RepositoryConfigurationExtensionSupport : Spring Data JDBC - Could not safely identify store assignment for repository candidate interface com.oncredit.OnVacunas.domain.repositories.VaccineRepository; If you want this repository to be a JDBC repository, consider annotating your entities with one of these annotations: org.springframework.data.relational.core.mapping.Table.
2024-10-01T21:09:31.168-05:00  INFO 241322 --- [OnVacunas] [restartedMain] .s.d.r.c.RepositoryConfigurationDelegate : Finished Spring Data repository scanning in 8 ms. Found 0 JDBC repository interfaces.
2024-10-01T21:09:31.171-05:00  INFO 241322 --- [OnVacunas] [restartedMain] .s.d.r.c.RepositoryConfigurationDelegate : Multiple Spring Data modules found, entering strict repository configuration mode
2024-10-01T21:09:31.171-05:00  INFO 241322 --- [OnVacunas] [restartedMain] .s.d.r.c.RepositoryConfigurationDelegate : Bootstrapping Spring Data JPA repositories in DEFAULT mode.
2024-10-01T21:09:31.184-05:00  INFO 241322 --- [OnVacunas] [restartedMain] .s.d.r.c.RepositoryConfigurationDelegate : Finished Spring Data repository scanning in 12 ms. Found 4 JPA repository interfaces.
2024-10-01T21:09:31.248-05:00  INFO 241322 --- [OnVacunas] [restartedMain] o.s.b.w.embedded.tomcat.TomcatWebServer  : Tomcat initialized with port 8080 (http)
2024-10-01T21:09:31.249-05:00  INFO 241322 --- [OnVacunas] [restartedMain] o.apache.catalina.core.StandardService   : Starting service [Tomcat]
2024-10-01T21:09:31.249-05:00  INFO 241322 --- [OnVacunas] [restartedMain] o.apache.catalina.core.StandardEngine    : Starting Servlet engine: [Apache Tomcat/10.1.30]
2024-10-01T21:09:31.256-05:00  INFO 241322 --- [OnVacunas] [restartedMain] o.a.c.c.C.[.[localhost].[/api/v1]        : Initializing Spring embedded WebApplicationContext
2024-10-01T21:09:31.257-05:00  INFO 241322 --- [OnVacunas] [restartedMain] w.s.c.ServletWebServerApplicationContext : Root WebApplicationContext: initialization completed in 268 ms
2024-10-01T21:09:31.285-05:00  INFO 241322 --- [OnVacunas] [restartedMain] o.hibernate.jpa.internal.util.LogHelper  : HHH000204: Processing PersistenceUnitInfo [name: default]
2024-10-01T21:09:31.287-05:00  INFO 241322 --- [OnVacunas] [restartedMain] o.h.c.internal.RegionFactoryInitiator    : HHH000026: Second-level cache disabled
2024-10-01T21:09:31.293-05:00  INFO 241322 --- [OnVacunas] [restartedMain] o.s.o.j.p.SpringPersistenceUnitInfo      : No LoadTimeWeaver setup: ignoring JPA class transformer
2024-10-01T21:09:31.294-05:00  INFO 241322 --- [OnVacunas] [restartedMain] com.zaxxer.hikari.HikariDataSource       : HikariPool-3 - Starting...
2024-10-01T21:09:31.307-05:00  INFO 241322 --- [OnVacunas] [restartedMain] com.zaxxer.hikari.pool.HikariPool        : HikariPool-3 - Added connection com.mysql.cj.jdbc.ConnectionImpl@5b26333b
2024-10-01T21:09:31.308-05:00  INFO 241322 --- [OnVacunas] [restartedMain] com.zaxxer.hikari.HikariDataSource       : HikariPool-3 - Start completed.
2024-10-01T21:09:31.308-05:00  WARN 241322 --- [OnVacunas] [restartedMain] org.hibernate.orm.deprecation            : HHH90000025: MySQL8Dialect does not need to be specified explicitly using 'hibernate.dialect' (remove the property setting and it will be selected by default)
2024-10-01T21:09:31.308-05:00  WARN 241322 --- [OnVacunas] [restartedMain] org.hibernate.orm.deprecation            : HHH90000026: MySQL8Dialect has been deprecated; use org.hibernate.dialect.MySQLDialect instead
2024-10-01T21:09:31.381-05:00  INFO 241322 --- [OnVacunas] [restartedMain] o.h.e.t.j.p.i.JtaPlatformInitiator       : HHH000489: No JTA platform available (set 'hibernate.transaction.jta.platform' to enable JTA platform integration)
2024-10-01T21:09:31.445-05:00  INFO 241322 --- [OnVacunas] [restartedMain] j.LocalContainerEntityManagerFactoryBean : Initialized JPA EntityManagerFactory for persistence unit 'default'
2024-10-01T21:09:31.541-05:00  WARN 241322 --- [OnVacunas] [restartedMain] JpaBaseConfiguration$JpaWebConfiguration : spring.jpa.open-in-view is enabled by default. Therefore, database queries may be performed during view rendering. Explicitly configure spring.jpa.open-in-view to disable this warning
2024-10-01T21:09:31.678-05:00  INFO 241322 --- [OnVacunas] [restartedMain] o.s.b.d.a.OptionalLiveReloadServer       : LiveReload server is running on port 35729
2024-10-01T21:09:31.688-05:00  INFO 241322 --- [OnVacunas] [restartedMain] o.s.b.w.embedded.tomcat.TomcatWebServer  : Tomcat started on port 8080 (http) with context path '/api/v1'
2024-10-01T21:09:31.693-05:00  INFO 241322 --- [OnVacunas] [restartedMain] c.o.OnVacunas.OnVacunasApplication       : Started OnVacunasApplication in 0.747 seconds (process running for 5436.584)
2024-10-01T21:09:31.696-05:00  INFO 241322 --- [OnVacunas] [restartedMain] .ConditionEvaluationDeltaLoggingListener : Condition evaluation unchanged
2024-10-01T21:10:27.346-05:00  INFO 241322 --- [OnVacunas] [File Watcher] rtingClassPathChangeChangedEventListener : Restarting due to 1 class path change (0 additions, 0 deletions, 1 modification)
2024-10-01T21:10:27.355-05:00  INFO 241322 --- [OnVacunas] [Thread-11] j.LocalContainerEntityManagerFactoryBean : Closing JPA EntityManagerFactory for persistence unit 'default'
2024-10-01T21:10:27.355-05:00  INFO 241322 --- [OnVacunas] [Thread-11] com.zaxxer.hikari.HikariDataSource       : HikariPool-3 - Shutdown initiated...
2024-10-01T21:10:27.359-05:00  INFO 241322 --- [OnVacunas] [Thread-11] com.zaxxer.hikari.HikariDataSource       : HikariPool-3 - Shutdown completed.
